<?xml version="1.0" encoding="UTF-8"?>
<!-- Generated by org.testng.reporters.JUnitReportReporter -->
<testsuite skipped="0" hostname="User" name="week5.practice.ClassRoom" tests="2" failures="0" timestamp="2022-03-20T11:06:04 IST" time="48.447" errors="0">
  <testcase name="createLead" time="24.562" classname="week5.practice.ClassRoom"/>
  <system-out/>
  <testcase name="createLead" time="23.885" classname="week5.practice.ClassRoom"/>
  <system-out/>
</testsuite> <!-- week5.practice.ClassRoom -->
