<?xml version="1.0" encoding="UTF-8"?>
<!-- Generated by org.testng.reporters.JUnitReportReporter -->
<testsuite skipped="0" hostname="User" name="week5.ServiceNow" tests="2" failures="0" timestamp="2022-03-24T22:02:13 IST" time="100.790" errors="0">
  <testcase name="createIncident" time="65.628" classname="week5.ServiceNow"/>
  <system-out/>
  <testcase name="createIncident" time="35.162" classname="week5.ServiceNow"/>
  <system-out/>
</testsuite> <!-- week5.ServiceNow -->
