<?xml version="1.0" encoding="UTF-8"?>
<!-- Generated by org.testng.reporters.JUnitReportReporter -->
<testsuite skipped="0" hostname="User" name="week5.practice.DuplicateLead" tests="2" failures="0" timestamp="2022-03-20T13:16:19 IST" time="65.782" errors="0">
  <testcase name="createLead" time="35.249" classname="week5.practice.DuplicateLead"/>
  <system-out/>
  <testcase name="createLead" time="30.533" classname="week5.practice.DuplicateLead"/>
  <system-out/>
</testsuite> <!-- week5.practice.DuplicateLead -->
