<?xml version="1.0" encoding="UTF-8"?>
<!-- Generated by org.testng.reporters.JUnitReportReporter -->
<testsuite skipped="1" hostname="User" name="week5.LearnAtrributes" tests="11" failures="0" timestamp="2022-03-23T21:56:17 IST" time="0.091" errors="0">
  <testcase name="tc001" time="0.007" classname="week5.LearnAtrributes"/>
  <system-out/>
  <testcase name="tc001" time="0.012" classname="week5.LearnAtrributes"/>
  <system-out/>
  <testcase name="tc001" time="0.005" classname="week5.LearnAtrributes"/>
  <system-out/>
  <testcase name="tc001" time="0.005" classname="week5.LearnAtrributes"/>
  <system-out/>
  <testcase name="tc001" time="0.005" classname="week5.LearnAtrributes"/>
  <system-out/>
  <testcase name="tc001" time="0.006" classname="week5.LearnAtrributes"/>
  <system-out/>
  <testcase name="tc001" time="0.034" classname="week5.LearnAtrributes"/>
  <system-out/>
  <testcase name="tc001" time="0.005" classname="week5.LearnAtrributes"/>
  <system-out/>
  <testcase name="tc001" time="0.007" classname="week5.LearnAtrributes"/>
  <system-out/>
  <testcase name="tc001" time="0.005" classname="week5.LearnAtrributes"/>
  <system-out/>
  <testcase name="tc006" classname="week5.LearnAtrributes">
    <skipped/>
  </testcase> <!-- tc006 -->
  <system-out/>
</testsuite> <!-- week5.LearnAtrributes -->
