<?xml version="1.0" encoding="UTF-8"?>
<!-- Generated by org.testng.reporters.JUnitReportReporter -->
<testsuite skipped="0" hostname="User" name="week6.practice.RunTest" tests="1" failures="0" timestamp="2022-03-26T22:42:26 IST" time="26.169" errors="0">
  <testcase name="runScenario" time="26.169" classname="week6.practice.RunTest"/>
  <system-out/>
</testsuite> <!-- week6.practice.RunTest -->
