<?xml version="1.0" encoding="UTF-8"?>
<!-- Generated by org.testng.reporters.JUnitReportReporter -->
<testsuite skipped="0" hostname="User" name="week5.ServiceNow" tests="2" failures="0" timestamp="2022-03-22T22:16:03 IST" time="126.564" errors="0">
  <testcase name="serviceNow" time="64.809" classname="week5.ServiceNow"/>
  <system-out/>
  <testcase name="serviceNow" time="61.755" classname="week5.ServiceNow"/>
  <system-out/>
</testsuite> <!-- week5.ServiceNow -->
