<?xml version="1.0" encoding="UTF-8"?>
<!-- Generated by org.testng.reporters.JUnitReportReporter -->
<testsuite skipped="0" hostname="User" name="week5.DuplicateLead" tests="2" failures="0" timestamp="2022-03-22T22:16:03 IST" time="120.878" errors="0">
  <testcase name="duplicateLead" time="56.528" classname="week5.DuplicateLead"/>
  <system-out/>
  <testcase name="duplicateLead" time="64.350" classname="week5.DuplicateLead"/>
  <system-out/>
</testsuite> <!-- week5.DuplicateLead -->
