<?xml version="1.0" encoding="UTF-8"?>
<!-- Generated by org.testng.reporters.JUnitReportReporter -->
<testsuite skipped="0" hostname="User" name="week5.EditLead" tests="2" failures="0" timestamp="2022-03-22T22:16:03 IST" time="117.170" errors="0">
  <testcase name="editLead" time="59.573" classname="week5.EditLead"/>
  <system-out/>
  <testcase name="editLead" time="57.597" classname="week5.EditLead"/>
  <system-out/>
</testsuite> <!-- week5.EditLead -->
