<?xml version="1.0" encoding="UTF-8"?>
<!-- Generated by org.testng.reporters.JUnitReportReporter -->
<testsuite skipped="0" hostname="User" name="week5.LearnAnnotations" tests="2" failures="0" timestamp="2022-03-23T21:43:37 IST" time="0.042" errors="0">
  <testcase name="tc001" time="0.029" classname="week5.LearnAnnotations"/>
  <system-out/>
  <testcase name="tc002" time="0.013" classname="week5.LearnAnnotations"/>
  <system-out/>
</testsuite> <!-- week5.LearnAnnotations -->
