<?xml version="1.0" encoding="UTF-8"?>
<!-- Generated by org.testng.reporters.JUnitReportReporter -->
<testsuite skipped="0" hostname="User" name="week5.practice.DuplicateLead" tests="3" failures="0" timestamp="2022-03-20T11:21:20 IST" time="82.447" errors="0">
  <testcase name="createLead" time="24.821" classname="week5.practice.DuplicateLead"/>
  <system-out/>
  <testcase name="createLead" time="22.307" classname="week5.practice.DuplicateLead"/>
  <system-out/>
  <testcase name="createLead" time="35.319" classname="week5.practice.DuplicateLead"/>
  <system-out/>
</testsuite> <!-- week5.practice.DuplicateLead -->
