<?xml version="1.0" encoding="UTF-8"?>
<!-- Generated by org.testng.reporters.JUnitReportReporter -->
<testsuite skipped="0" hostname="User" name="week5.CreateLead" tests="2" failures="0" timestamp="2022-03-22T22:16:03 IST" time="108.975" errors="0">
  <testcase name="createLead" time="44.957" classname="week5.CreateLead"/>
  <system-out/>
  <testcase name="createLead" time="64.018" classname="week5.CreateLead"/>
  <system-out/>
</testsuite> <!-- week5.CreateLead -->
