<?xml version="1.0" encoding="UTF-8"?>
<!-- Generated by org.testng.reporters.JUnitReportReporter -->
<testsuite skipped="0" hostname="User" name="week5.practice.CreateLead" tests="2" failures="0" timestamp="2022-03-20T13:53:10 IST" time="44.872" errors="0">
  <testcase name="createLead" time="24.501" classname="week5.practice.CreateLead"/>
  <system-out/>
  <testcase name="createLead" time="20.371" classname="week5.practice.CreateLead"/>
  <system-out/>
</testsuite> <!-- week5.practice.CreateLead -->
