<?xml version="1.0" encoding="UTF-8"?>
<!-- Generated by org.testng.reporters.JUnitReportReporter -->
<testsuite skipped="0" hostname="User" name="week5.DeleteLead" tests="2" failures="0" timestamp="2022-03-21T23:05:01 IST" time="55.783" errors="0">
  <testcase name="deleteLead" time="30.607" classname="week5.DeleteLead"/>
  <system-out/>
  <testcase name="deleteLead" time="25.176" classname="week5.DeleteLead"/>
  <system-out/>
</testsuite> <!-- week5.DeleteLead -->
