<?xml version="1.0" encoding="UTF-8"?>
<!-- Generated by org.testng.reporters.JUnitReportReporter -->
<testsuite skipped="0" hostname="User" name="week5.DeleteLead" tests="2" failures="0" timestamp="2022-03-22T22:16:03 IST" time="120.014" errors="0">
  <testcase name="deleteLead" time="60.542" classname="week5.DeleteLead"/>
  <system-out/>
  <testcase name="deleteLead" time="59.472" classname="week5.DeleteLead"/>
  <system-out/>
</testsuite> <!-- week5.DeleteLead -->
