<?xml version="1.0" encoding="UTF-8"?>
<!-- Generated by org.testng.reporters.JUnitReportReporter -->
<testsuite skipped="0" hostname="User" name="week5.CreateContact" tests="2" failures="0" timestamp="2022-03-22T22:16:03 IST" time="115.313" errors="0">
  <testcase name="createContact" time="53.279" classname="week5.CreateContact"/>
  <system-out/>
  <testcase name="createContact" time="62.034" classname="week5.CreateContact"/>
  <system-out/>
</testsuite> <!-- week5.CreateContact -->
