<?xml version="1.0" encoding="UTF-8"?>
<!-- Generated by org.testng.reporters.JUnitReportReporter -->
<testsuite skipped="0" hostname="User" name="week5.EditLead" tests="2" failures="0" timestamp="2022-03-21T22:47:12 IST" time="49.416" errors="0">
  <testcase name="editLead" time="22.089" classname="week5.EditLead"/>
  <system-out/>
  <testcase name="editLead" time="27.327" classname="week5.EditLead"/>
  <system-out/>
</testsuite> <!-- week5.EditLead -->
