<?xml version="1.0" encoding="UTF-8"?>
<!-- Generated by org.testng.reporters.JUnitReportReporter -->
<testsuite skipped="0" hostname="User" name="week5.CreateLead" tests="2" failures="0" timestamp="2022-03-21T22:44:47 IST" time="44.979" errors="0">
  <testcase name="createLead" time="19.619" classname="week5.CreateLead"/>
  <system-out/>
  <testcase name="createLead" time="25.360" classname="week5.CreateLead"/>
  <system-out/>
</testsuite> <!-- week5.CreateLead -->
