<?xml version="1.0" encoding="UTF-8"?>
<!-- Generated by org.testng.reporters.JUnitReportReporter -->
<testsuite skipped="0" hostname="User" name="week5.DuplicateLead" tests="2" failures="0" timestamp="2022-03-21T22:57:16 IST" time="60.287" errors="0">
  <testcase name="duplicateLead" time="28.486" classname="week5.DuplicateLead"/>
  <system-out/>
  <testcase name="duplicateLead" time="31.801" classname="week5.DuplicateLead"/>
  <system-out/>
</testsuite> <!-- week5.DuplicateLead -->
