<?xml version="1.0" encoding="UTF-8"?>
<!-- Generated by org.testng.reporters.JUnitReportReporter -->
<testsuite skipped="0" hostname="User" name="week5.ServiceNow_AssignIncident" tests="2" failures="0" timestamp="2022-03-25T22:52:19 IST" time="123.612" errors="0">
  <testcase name="assignIncident" time="61.730" classname="week5.ServiceNow_AssignIncident"/>
  <system-out/>
  <testcase name="assignIncident" time="61.882" classname="week5.ServiceNow_AssignIncident"/>
  <system-out/>
</testsuite> <!-- week5.ServiceNow_AssignIncident -->
