<?xml version="1.0" encoding="UTF-8"?>
<!-- Generated by org.testng.reporters.JUnitReportReporter -->
<testsuite skipped="0" hostname="User" name="week5.ServiceNow_UpdateIncident" tests="2" failures="0" timestamp="2022-03-25T22:52:19 IST" time="116.487" errors="0">
  <testcase name="updateIncident" time="49.910" classname="week5.ServiceNow_UpdateIncident"/>
  <system-out/>
  <testcase name="updateIncident" time="66.577" classname="week5.ServiceNow_UpdateIncident"/>
  <system-out/>
</testsuite> <!-- week5.ServiceNow_UpdateIncident -->
