<?xml version="1.0" encoding="UTF-8"?>
<!-- Generated by org.testng.reporters.JUnitReportReporter -->
<testsuite skipped="0" hostname="User" name="week5.ServiceNow_UpdateIncident" tests="1" failures="0" timestamp="2022-03-24T23:08:33 IST" time="48.333" errors="0">
  <testcase name="updateIncident" time="48.333" classname="week5.ServiceNow_UpdateIncident"/>
  <system-out/>
</testsuite> <!-- week5.ServiceNow_UpdateIncident -->
