<?xml version="1.0" encoding="UTF-8"?>
<!-- Generated by org.testng.reporters.JUnitReportReporter -->
<testsuite skipped="0" hostname="User" name="week5.ServiceNow_DeleteIncident" tests="1" failures="0" timestamp="2022-03-25T22:52:19 IST" time="62.224" errors="0">
  <testcase name="deleteIncident" time="62.224" classname="week5.ServiceNow_DeleteIncident"/>
  <system-out/>
</testsuite> <!-- week5.ServiceNow_DeleteIncident -->
